{"/Volumes/repositories/zmarkdown/zmarkdown/index.js":{"path":"/Volumes/repositories/zmarkdown/zmarkdown/index.js","s":{"1":1,"2":1,"3":1,"4":1,"5":1,"6":1,"7":1,"8":1,"9":1,"10":1,"11":1,"12":1,"13":1,"14":1,"15":1,"16":85,"17":1,"18":264,"19":1,"20":92,"21":88,"22":1,"23":92,"24":88,"25":1,"26":88,"27":88,"28":1,"29":89,"30":88,"31":1,"32":4,"33":85,"34":1,"35":4},"b":{"1":[264,255]},"f":{},"fnMap":{},"statementMap":{"1":{"start":{"line":1,"column":0},"end":{"line":1,"column":24}},"2":{"start":{"line":2,"column":0},"end":{"line":2,"column":34}},"3":{"start":{"line":3,"column":0},"end":{"line":3,"column":39}},"4":{"start":{"line":4,"column":0},"end":{"line":4,"column":35}},"5":{"start":{"line":5,"column":0},"end":{"line":5,"column":37}},"6":{"start":{"line":6,"column":0},"end":{"line":6,"column":45}},"7":{"start":{"line":7,"column":0},"end":{"line":7,"column":46}},"8":{"start":{"line":8,"column":0},"end":{"line":8,"column":45}},"9":{"start":{"line":10,"column":0},"end":{"line":10,"column":58}},"10":{"start":{"line":11,"column":0},"end":{"line":11,"column":52}},"11":{"start":{"line":12,"column":0},"end":{"line":12,"column":58}},"12":{"start":{"line":13,"column":0},"end":{"line":13,"column":37}},"13":{"start":{"line":14,"column":0},"end":{"line":14,"column":56}},"14":{"start":{"line":15,"column":0},"end":{"line":15,"column":48}},"15":{"start":{"line":17,"column":0},"end":{"line":17,"column":56}},"16":{"start":{"line":17,"column":31},"end":{"line":17,"column":56}},"17":{"start":{"line":19,"column":0},"end":{"line":50,"column":19}},"18":{"start":{"line":20,"column":2},"end":{"line":50,"column":19}},"19":{"start":{"line":52,"column":0},"end":{"line":52,"column":59}},"20":{"start":{"line":52,"column":24},"end":{"line":52,"column":59}},"21":{"start":{"line":52,"column":33},"end":{"line":52,"column":59}},"22":{"start":{"line":53,"column":0},"end":{"line":53,"column":65}},"23":{"start":{"line":53,"column":28},"end":{"line":53,"column":65}},"24":{"start":{"line":53,"column":37},"end":{"line":53,"column":65}},"25":{"start":{"line":54,"column":0},"end":{"line":54,"column":64}},"26":{"start":{"line":54,"column":25},"end":{"line":54,"column":64}},"27":{"start":{"line":54,"column":34},"end":{"line":54,"column":64}},"28":{"start":{"line":56,"column":0},"end":{"line":56,"column":93}},"29":{"start":{"line":56,"column":31},"end":{"line":56,"column":93}},"30":{"start":{"line":56,"column":43},"end":{"line":56,"column":93}},"31":{"start":{"line":57,"column":0},"end":{"line":57,"column":81}},"32":{"start":{"line":57,"column":29},"end":{"line":57,"column":81}},"33":{"start":{"line":57,"column":43},"end":{"line":57,"column":81}},"34":{"start":{"line":59,"column":0},"end":{"line":65,"column":2}},"35":{"start":{"line":59,"column":28},"end":{"line":65,"column":1}}},"branchMap":{"1":{"line":30,"type":"binary-expr","locations":[{"start":{"line":30,"column":24},"end":{"line":30,"column":36}},{"start":{"line":30,"column":40},"end":{"line":30,"column":41}}]}}},"/Volumes/repositories/zmarkdown/zmarkdown/packages/heading-shift/index.js":{"path":"/Volumes/repositories/zmarkdown/zmarkdown/packages/heading-shift/index.js","s":{"1":1,"2":1},"b":{},"f":{},"fnMap":{},"statementMap":{"1":{"start":{"line":1,"column":0},"end":{"line":1,"column":40}},"2":{"start":{"line":3,"column":0},"end":{"line":3,"column":29}}},"branchMap":{}},"/Volumes/repositories/zmarkdown/zmarkdown/packages/heading-shift/inline.js":{"path":"/Volumes/repositories/zmarkdown/zmarkdown/packages/heading-shift/inline.js","s":{"1":1,"2":1,"3":264,"4":264,"5":88,"6":46,"7":43,"8":3,"9":1,"10":1,"11":2,"12":1,"13":1,"14":1,"15":1},"b":{"1":[43,3],"2":[1,2],"3":[1,1]},"f":{"1":264,"2":46},"fnMap":{"1":{"name":"shifter","line":3,"loc":{"start":{"line":3,"column":0},"end":{"line":3,"column":29}}},"2":{"name":"(anonymous_2)","line":6,"loc":{"start":{"line":6,"column":29},"end":{"line":6,"column":45}}}},"statementMap":{"1":{"start":{"line":1,"column":0},"end":{"line":1,"column":41}},"2":{"start":{"line":3,"column":0},"end":{"line":19,"column":1}},"3":{"start":{"line":4,"column":2},"end":{"line":18,"column":5}},"4":{"start":{"line":5,"column":4},"end":{"line":18,"column":5}},"5":{"start":{"line":6,"column":6},"end":{"line":17,"column":8}},"6":{"start":{"line":7,"column":8},"end":{"line":7,"column":26}},"7":{"start":{"line":7,"column":20},"end":{"line":7,"column":26}},"8":{"start":{"line":8,"column":8},"end":{"line":11,"column":9}},"9":{"start":{"line":9,"column":10},"end":{"line":9,"column":24}},"10":{"start":{"line":10,"column":10},"end":{"line":10,"column":16}},"11":{"start":{"line":12,"column":8},"end":{"line":15,"column":9}},"12":{"start":{"line":13,"column":10},"end":{"line":13,"column":24}},"13":{"start":{"line":14,"column":10},"end":{"line":14,"column":16}},"14":{"start":{"line":16,"column":8},"end":{"line":16,"column":27}},"15":{"start":{"line":21,"column":0},"end":{"line":21,"column":24}}},"branchMap":{"1":{"line":7,"type":"if","locations":[{"start":{"line":7,"column":8},"end":{"line":7,"column":8}},{"start":{"line":7,"column":8},"end":{"line":7,"column":8}}]},"2":{"line":8,"type":"if","locations":[{"start":{"line":8,"column":8},"end":{"line":8,"column":8}},{"start":{"line":8,"column":8},"end":{"line":8,"column":8}}]},"3":{"line":12,"type":"if","locations":[{"start":{"line":12,"column":8},"end":{"line":12,"column":8}},{"start":{"line":12,"column":8},"end":{"line":12,"column":8}}]}}},"/Volumes/repositories/zmarkdown/zmarkdown/packages/html-blocks/index.js":{"path":"/Volumes/repositories/zmarkdown/zmarkdown/packages/html-blocks/index.js","s":{"1":1,"2":1,"3":1,"4":264,"5":1,"6":88,"7":1,"8":116,"9":116,"10":0,"11":116,"12":38,"13":78,"14":116,"15":1},"b":{"1":[0,116],"2":[38,78]},"f":{"1":264,"2":88,"3":116},"fnMap":{"1":{"name":"plugin","line":39,"loc":{"start":{"line":39,"column":0},"end":{"line":39,"column":19}}},"2":{"name":"transformer","line":43,"loc":{"start":{"line":43,"column":0},"end":{"line":43,"column":28}}},"3":{"name":"visitor","line":47,"loc":{"start":{"line":47,"column":0},"end":{"line":47,"column":39}}}},"statementMap":{"1":{"start":{"line":1,"column":0},"end":{"line":1,"column":41}},"2":{"start":{"line":3,"column":0},"end":{"line":37,"column":1}},"3":{"start":{"line":39,"column":0},"end":{"line":41,"column":1}},"4":{"start":{"line":40,"column":2},"end":{"line":40,"column":20}},"5":{"start":{"line":43,"column":0},"end":{"line":45,"column":1}},"6":{"start":{"line":44,"column":2},"end":{"line":44,"column":29}},"7":{"start":{"line":47,"column":0},"end":{"line":69,"column":1}},"8":{"start":{"line":48,"column":2},"end":{"line":48,"column":17}},"9":{"start":{"line":49,"column":2},"end":{"line":49,"column":21}},"10":{"start":{"line":49,"column":15},"end":{"line":49,"column":21}},"11":{"start":{"line":51,"column":2},"end":{"line":66,"column":3}},"12":{"start":{"line":52,"column":4},"end":{"line":60,"column":5}},"13":{"start":{"line":62,"column":4},"end":{"line":65,"column":5}},"14":{"start":{"line":68,"column":2},"end":{"line":68,"column":38}},"15":{"start":{"line":71,"column":0},"end":{"line":71,"column":23}}},"branchMap":{"1":{"line":49,"type":"if","locations":[{"start":{"line":49,"column":2},"end":{"line":49,"column":2}},{"start":{"line":49,"column":2},"end":{"line":49,"column":2}}]},"2":{"line":51,"type":"if","locations":[{"start":{"line":51,"column":2},"end":{"line":51,"column":2}},{"start":{"line":51,"column":2},"end":{"line":51,"column":2}}]}}},"/Volumes/repositories/zmarkdown/zmarkdown/packages/escape-escaped/index.js":{"path":"/Volumes/repositories/zmarkdown/zmarkdown/packages/escape-escaped/index.js","s":{"1":1,"2":1},"b":{},"f":{},"fnMap":{},"statementMap":{"1":{"start":{"line":1,"column":0},"end":{"line":1,"column":40}},"2":{"start":{"line":3,"column":0},"end":{"line":3,"column":29}}},"branchMap":{}},"/Volumes/repositories/zmarkdown/zmarkdown/packages/escape-escaped/inline.js":{"path":"/Volumes/repositories/zmarkdown/zmarkdown/packages/escape-escaped/inline.js","s":{"1":1,"2":264,"3":1,"4":264,"5":264,"6":1,"7":1539,"8":1539,"9":1539,"10":1,"11":1,"12":1563,"13":1563,"14":65,"15":50,"16":15,"17":0,"18":15,"19":264,"20":264,"21":264,"22":264,"23":264,"24":264,"25":264},"b":{"1":[65,1498],"2":[50,15],"3":[0,15]},"f":{"1":264,"2":1539,"3":264,"4":1563},"fnMap":{"1":{"name":"escapeRegExp","line":1,"loc":{"start":{"line":1,"column":0},"end":{"line":1,"column":28}}},"2":{"name":"locator","line":9,"loc":{"start":{"line":9,"column":2},"end":{"line":9,"column":38}}},"3":{"name":"inlinePlugin","line":14,"loc":{"start":{"line":14,"column":2},"end":{"line":14,"column":36}}},"4":{"name":"inlineTokenizer","line":15,"loc":{"start":{"line":15,"column":4},"end":{"line":15,"column":50}}}},"statementMap":{"1":{"start":{"line":1,"column":0},"end":{"line":3,"column":1}},"2":{"start":{"line":2,"column":2},"end":{"line":2,"column":67}},"3":{"start":{"line":5,"column":0},"end":{"line":43,"column":1}},"4":{"start":{"line":6,"column":2},"end":{"line":6,"column":60}},"5":{"start":{"line":7,"column":2},"end":{"line":7,"column":42}},"6":{"start":{"line":9,"column":2},"end":{"line":12,"column":3}},"7":{"start":{"line":10,"column":4},"end":{"line":10,"column":82}},"8":{"start":{"line":10,"column":49},"end":{"line":10,"column":81}},"9":{"start":{"line":11,"column":4},"end":{"line":11,"column":31}},"10":{"start":{"line":14,"column":2},"end":{"line":40,"column":3}},"11":{"start":{"line":15,"column":4},"end":{"line":30,"column":5}},"12":{"start":{"line":16,"column":6},"end":{"line":16,"column":36}},"13":{"start":{"line":17,"column":6},"end":{"line":29,"column":7}},"14":{"start":{"line":18,"column":8},"end":{"line":20,"column":9}},"15":{"start":{"line":19,"column":10},"end":{"line":19,"column":21}},"16":{"start":{"line":22,"column":8},"end":{"line":24,"column":9}},"17":{"start":{"line":23,"column":10},"end":{"line":23,"column":21},"skip":true},"18":{"start":{"line":25,"column":8},"end":{"line":28,"column":10}},"19":{"start":{"line":31,"column":4},"end":{"line":31,"column":37}},"20":{"start":{"line":33,"column":4},"end":{"line":33,"column":30}},"21":{"start":{"line":36,"column":4},"end":{"line":36,"column":62}},"22":{"start":{"line":37,"column":4},"end":{"line":37,"column":56}},"23":{"start":{"line":38,"column":4},"end":{"line":38,"column":52}},"24":{"start":{"line":39,"column":4},"end":{"line":39,"column":75}},"25":{"start":{"line":42,"column":2},"end":{"line":42,"column":21}}},"branchMap":{"1":{"line":17,"type":"if","locations":[{"start":{"line":17,"column":6},"end":{"line":17,"column":6}},{"start":{"line":17,"column":6},"end":{"line":17,"column":6}}]},"2":{"line":18,"type":"if","locations":[{"start":{"line":18,"column":8},"end":{"line":18,"column":8}},{"start":{"line":18,"column":8},"end":{"line":18,"column":8}}]},"3":{"line":22,"type":"if","locations":[{"start":{"line":22,"column":8},"end":{"line":22,"column":8},"skip":true},{"start":{"line":22,"column":8},"end":{"line":22,"column":8}}]}}},"/Volumes/repositories/zmarkdown/zmarkdown/packages/kbd/index.js":{"path":"/Volumes/repositories/zmarkdown/zmarkdown/packages/kbd/index.js","s":{"1":1,"2":1},"b":{},"f":{},"fnMap":{},"statementMap":{"1":{"start":{"line":1,"column":0},"end":{"line":1,"column":40}},"2":{"start":{"line":3,"column":0},"end":{"line":3,"column":29}}},"branchMap":{}},"/Volumes/repositories/zmarkdown/zmarkdown/packages/kbd/inline.js":{"path":"/Volumes/repositories/zmarkdown/zmarkdown/packages/kbd/inline.js","s":{"1":1,"2":1,"3":1,"4":1,"5":1539,"6":1539,"7":1,"8":1,"9":1548,"10":1542,"11":6,"12":6,"13":6,"14":6,"15":6,"16":6,"17":6,"18":6,"19":6,"20":6,"21":60,"22":60,"23":5,"24":0,"25":5,"26":55,"27":55,"28":55,"29":264,"30":264,"31":264,"32":264,"33":264,"34":264,"35":264,"36":264,"37":0,"38":0,"39":0,"40":1},"b":{"1":[1542,6],"2":[1548,1548,12,10,9],"3":[5,55],"4":[60,11,5,5],"5":[0,5],"6":[0,264]},"f":{"1":1539,"2":264,"3":1548,"4":0},"fnMap":{"1":{"name":"locator","line":6,"loc":{"start":{"line":6,"column":0},"end":{"line":6,"column":36}}},"2":{"name":"inlinePlugin","line":11,"loc":{"start":{"line":11,"column":0},"end":{"line":11,"column":34}}},"3":{"name":"inlineTokenizer","line":12,"loc":{"start":{"line":12,"column":2},"end":{"line":12,"column":48}}},"4":{"name":"(anonymous_4)","line":75,"loc":{"start":{"line":75,"column":19},"end":{"line":75,"column":35}}}},"statementMap":{"1":{"start":{"line":1,"column":0},"end":{"line":1,"column":53}},"2":{"start":{"line":3,"column":0},"end":{"line":3,"column":18}},"3":{"start":{"line":4,"column":0},"end":{"line":4,"column":19}},"4":{"start":{"line":6,"column":0},"end":{"line":9,"column":1}},"5":{"start":{"line":7,"column":2},"end":{"line":7,"column":48}},"6":{"start":{"line":8,"column":2},"end":{"line":8,"column":14}},"7":{"start":{"line":11,"column":0},"end":{"line":79,"column":1}},"8":{"start":{"line":12,"column":2},"end":{"line":59,"column":3}},"9":{"start":{"line":13,"column":4},"end":{"line":21,"column":5}},"10":{"start":{"line":20,"column":6},"end":{"line":20,"column":12}},"11":{"start":{"line":23,"column":4},"end":{"line":23,"column":22}},"12":{"start":{"line":24,"column":4},"end":{"line":24,"column":21}},"13":{"start":{"line":25,"column":4},"end":{"line":25,"column":22}},"14":{"start":{"line":26,"column":4},"end":{"line":26,"column":21}},"15":{"start":{"line":27,"column":4},"end":{"line":27,"column":17}},"16":{"start":{"line":28,"column":4},"end":{"line":28,"column":31}},"17":{"start":{"line":29,"column":4},"end":{"line":29,"column":25}},"18":{"start":{"line":30,"column":4},"end":{"line":30,"column":19}},"19":{"start":{"line":31,"column":4},"end":{"line":31,"column":19}},"20":{"start":{"line":33,"column":4},"end":{"line":58,"column":5}},"21":{"start":{"line":34,"column":6},"end":{"line":34,"column":37}},"22":{"start":{"line":36,"column":6},"end":{"line":53,"column":7}},"23":{"start":{"line":42,"column":8},"end":{"line":44,"column":9}},"24":{"start":{"line":43,"column":10},"end":{"line":43,"column":21},"skip":true},"25":{"start":{"line":46,"column":8},"end":{"line":52,"column":10}},"26":{"start":{"line":55,"column":6},"end":{"line":55,"column":26}},"27":{"start":{"line":56,"column":6},"end":{"line":56,"column":26}},"28":{"start":{"line":57,"column":6},"end":{"line":57,"column":26}},"29":{"start":{"line":60,"column":2},"end":{"line":60,"column":35}},"30":{"start":{"line":62,"column":2},"end":{"line":62,"column":28}},"31":{"start":{"line":65,"column":2},"end":{"line":65,"column":60}},"32":{"start":{"line":66,"column":2},"end":{"line":66,"column":54}},"33":{"start":{"line":67,"column":2},"end":{"line":67,"column":40}},"34":{"start":{"line":68,"column":2},"end":{"line":68,"column":63}},"35":{"start":{"line":70,"column":2},"end":{"line":70,"column":32}},"36":{"start":{"line":73,"column":2},"end":{"line":78,"column":3}},"37":{"start":{"line":74,"column":4},"end":{"line":74,"column":48}},"38":{"start":{"line":75,"column":4},"end":{"line":77,"column":5}},"39":{"start":{"line":76,"column":6},"end":{"line":76,"column":45}},"40":{"start":{"line":81,"column":0},"end":{"line":81,"column":29}}},"branchMap":{"1":{"line":13,"type":"if","locations":[{"start":{"line":13,"column":4},"end":{"line":13,"column":4}},{"start":{"line":13,"column":4},"end":{"line":13,"column":4}}]},"2":{"line":14,"type":"binary-expr","locations":[{"start":{"line":14,"column":6},"end":{"line":14,"column":23}},{"start":{"line":15,"column":6},"end":{"line":15,"column":32}},{"start":{"line":16,"column":6},"end":{"line":16,"column":32}},{"start":{"line":17,"column":6},"end":{"line":17,"column":40}},{"start":{"line":18,"column":6},"end":{"line":18,"column":33}}]},"3":{"line":36,"type":"if","locations":[{"start":{"line":36,"column":6},"end":{"line":36,"column":6}},{"start":{"line":36,"column":6},"end":{"line":36,"column":6}}]},"4":{"line":37,"type":"binary-expr","locations":[{"start":{"line":37,"column":8},"end":{"line":37,"column":28}},{"start":{"line":38,"column":8},"end":{"line":38,"column":27}},{"start":{"line":39,"column":9},"end":{"line":39,"column":19}},{"start":{"line":39,"column":23},"end":{"line":39,"column":45}}]},"5":{"line":42,"type":"if","locations":[{"start":{"line":42,"column":8},"end":{"line":42,"column":8},"skip":true},{"start":{"line":42,"column":8},"end":{"line":42,"column":8}}]},"6":{"line":73,"type":"if","locations":[{"start":{"line":73,"column":2},"end":{"line":73,"column":2}},{"start":{"line":73,"column":2},"end":{"line":73,"column":2}}]}}},"/Volumes/repositories/zmarkdown/zmarkdown/packages/custom-blocks/index.js":{"path":"/Volumes/repositories/zmarkdown/zmarkdown/packages/custom-blocks/index.js","s":{"1":1,"2":1},"b":{},"f":{},"fnMap":{},"statementMap":{"1":{"start":{"line":1,"column":0},"end":{"line":1,"column":38}},"2":{"start":{"line":3,"column":0},"end":{"line":3,"column":28}}},"branchMap":{}},"/Volumes/repositories/zmarkdown/zmarkdown/packages/custom-blocks/block.js":{"path":"/Volumes/repositories/zmarkdown/zmarkdown/packages/custom-blocks/block.js","s":{"1":1,"2":2640,"3":1,"4":1,"5":1,"6":264,"7":264,"8":264,"9":1,"10":1415,"11":1415,"12":1415,"13":1381,"14":34,"15":20,"16":14,"17":1,"18":13,"19":13,"20":13,"21":13,"22":27,"23":27,"24":27,"25":12,"26":15,"27":15,"28":15,"29":15,"30":13,"31":13,"32":13,"33":13,"34":13,"35":13,"36":13,"37":264,"38":264,"39":264,"40":264,"41":264,"42":264,"43":264,"44":264,"45":264,"46":264,"47":264},"b":{"1":[1381,34],"2":[20,14],"3":[1,13],"4":[26,1],"5":[12,15],"6":[13,2]},"f":{"1":2640,"2":264,"3":1415},"fnMap":{"1":{"name":"escapeRegExp","line":1,"loc":{"start":{"line":1,"column":0},"end":{"line":1,"column":28}}},"2":{"name":"blockPlugin","line":8,"loc":{"start":{"line":8,"column":29},"end":{"line":8,"column":62}}},"3":{"name":"blockTokenizer","line":15,"loc":{"start":{"line":15,"column":2},"end":{"line":15,"column":47}}}},"statementMap":{"1":{"start":{"line":1,"column":0},"end":{"line":3,"column":1}},"2":{"start":{"line":2,"column":2},"end":{"line":2,"column":67}},"3":{"start":{"line":5,"column":0},"end":{"line":5,"column":22}},"4":{"start":{"line":6,"column":0},"end":{"line":6,"column":19}},"5":{"start":{"line":8,"column":0},"end":{"line":73,"column":1}},"6":{"start":{"line":8,"column":29},"end":{"line":73,"column":1}},"7":{"start":{"line":9,"column":2},"end":{"line":12,"column":14}},"8":{"start":{"line":13,"column":2},"end":{"line":13,"column":54}},"9":{"start":{"line":15,"column":2},"end":{"line":56,"column":3}},"10":{"start":{"line":16,"column":4},"end":{"line":16,"column":25}},"11":{"start":{"line":17,"column":4},"end":{"line":17,"column":34}},"12":{"start":{"line":18,"column":4},"end":{"line":18,"column":21}},"13":{"start":{"line":18,"column":15},"end":{"line":18,"column":21}},"14":{"start":{"line":19,"column":4},"end":{"line":19,"column":32}},"15":{"start":{"line":19,"column":26},"end":{"line":19,"column":32}},"16":{"start":{"line":20,"column":4},"end":{"line":20,"column":22}},"17":{"start":{"line":20,"column":16},"end":{"line":20,"column":22}},"18":{"start":{"line":22,"column":4},"end":{"line":22,"column":25}},"19":{"start":{"line":23,"column":4},"end":{"line":23,"column":22}},"20":{"start":{"line":25,"column":4},"end":{"line":25,"column":15}},"21":{"start":{"line":26,"column":4},"end":{"line":36,"column":5}},"22":{"start":{"line":27,"column":6},"end":{"line":27,"column":52}},"23":{"start":{"line":29,"column":6},"end":{"line":29,"column":87}},"24":{"start":{"line":30,"column":6},"end":{"line":30,"column":41}},"25":{"start":{"line":30,"column":36},"end":{"line":30,"column":41}},"26":{"start":{"line":32,"column":6},"end":{"line":32,"column":79}},"27":{"start":{"line":33,"column":6},"end":{"line":33,"column":32}},"28":{"start":{"line":34,"column":6},"end":{"line":34,"column":24}},"29":{"start":{"line":35,"column":6},"end":{"line":35,"column":34}},"30":{"start":{"line":38,"column":4},"end":{"line":38,"column":49}},"31":{"start":{"line":39,"column":4},"end":{"line":39,"column":77}},"32":{"start":{"line":41,"column":4},"end":{"line":41,"column":32}},"33":{"start":{"line":42,"column":4},"end":{"line":42,"column":34}},"34":{"start":{"line":43,"column":4},"end":{"line":43,"column":59}},"35":{"start":{"line":44,"column":4},"end":{"line":44,"column":10}},"36":{"start":{"line":46,"column":4},"end":{"line":55,"column":6}},"37":{"start":{"line":58,"column":2},"end":{"line":58,"column":28}},"38":{"start":{"line":61,"column":2},"end":{"line":61,"column":58}},"39":{"start":{"line":62,"column":2},"end":{"line":62,"column":52}},"40":{"start":{"line":63,"column":2},"end":{"line":63,"column":48}},"41":{"start":{"line":64,"column":2},"end":{"line":64,"column":81}},"42":{"start":{"line":67,"column":2},"end":{"line":67,"column":64}},"43":{"start":{"line":68,"column":2},"end":{"line":68,"column":54}},"44":{"start":{"line":69,"column":2},"end":{"line":69,"column":66}},"45":{"start":{"line":70,"column":2},"end":{"line":70,"column":95}},"46":{"start":{"line":71,"column":2},"end":{"line":71,"column":85}},"47":{"start":{"line":72,"column":2},"end":{"line":72,"column":97}}},"branchMap":{"1":{"line":18,"type":"if","locations":[{"start":{"line":18,"column":4},"end":{"line":18,"column":4}},{"start":{"line":18,"column":4},"end":{"line":18,"column":4}}]},"2":{"line":19,"type":"if","locations":[{"start":{"line":19,"column":4},"end":{"line":19,"column":4}},{"start":{"line":19,"column":4},"end":{"line":19,"column":4}}]},"3":{"line":20,"type":"if","locations":[{"start":{"line":20,"column":4},"end":{"line":20,"column":4}},{"start":{"line":20,"column":4},"end":{"line":20,"column":4}}]},"4":{"line":29,"type":"cond-expr","locations":[{"start":{"line":29,"column":38},"end":{"line":29,"column":64}},{"start":{"line":29,"column":67},"end":{"line":29,"column":87}}]},"5":{"line":30,"type":"if","locations":[{"start":{"line":30,"column":6},"end":{"line":30,"column":6}},{"start":{"line":30,"column":6},"end":{"line":30,"column":6}}]},"6":{"line":32,"type":"cond-expr","locations":[{"start":{"line":32,"column":73},"end":{"line":32,"column":74}},{"start":{"line":32,"column":77},"end":{"line":32,"column":78}}]}}},"/Volumes/repositories/zmarkdown/zmarkdown/packages/sub-super/index.js":{"path":"/Volumes/repositories/zmarkdown/zmarkdown/packages/sub-super/index.js","s":{"1":1,"2":1},"b":{},"f":{},"fnMap":{},"statementMap":{"1":{"start":{"line":1,"column":0},"end":{"line":1,"column":40}},"2":{"start":{"line":3,"column":0},"end":{"line":3,"column":29}}},"branchMap":{}},"/Volumes/repositories/zmarkdown/zmarkdown/packages/sub-super/inline.js":{"path":"/Volumes/repositories/zmarkdown/zmarkdown/packages/sub-super/inline.js","s":{"1":1,"2":1,"3":1,"4":1539,"5":1539,"6":3064,"7":3064,"8":19,"9":1520,"10":1,"11":1,"12":1543,"13":3086,"14":1,"15":1543,"16":1543,"17":1543,"18":1543,"19":1543,"20":4,"21":4,"22":4,"23":0,"24":4,"25":0,"26":4,"27":264,"28":264,"29":264,"30":264,"31":264,"32":264,"33":1},"b":{"1":[19,3045],"2":[1,3085],"3":[4,1539],"4":[1543,13,5],"5":[34,30],"6":[0,4],"7":[0,4]},"f":{"1":1539,"2":264,"3":1543},"fnMap":{"1":{"name":"locator","line":7,"loc":{"start":{"line":7,"column":0},"end":{"line":7,"column":36}}},"2":{"name":"inlinePlugin","line":17,"loc":{"start":{"line":17,"column":0},"end":{"line":17,"column":34}}},"3":{"name":"inlineTokenizer","line":18,"loc":{"start":{"line":18,"column":2},"end":{"line":18,"column":48}}}},"statementMap":{"1":{"start":{"line":1,"column":0},"end":{"line":1,"column":17}},"2":{"start":{"line":2,"column":0},"end":{"line":5,"column":1}},"3":{"start":{"line":7,"column":0},"end":{"line":15,"column":1}},"4":{"start":{"line":8,"column":2},"end":{"line":8,"column":16}},"5":{"start":{"line":9,"column":2},"end":{"line":12,"column":3}},"6":{"start":{"line":10,"column":4},"end":{"line":10,"column":44}},"7":{"start":{"line":11,"column":4},"end":{"line":11,"column":34}},"8":{"start":{"line":11,"column":22},"end":{"line":11,"column":34}},"9":{"start":{"line":14,"column":2},"end":{"line":14,"column":14}},"10":{"start":{"line":17,"column":0},"end":{"line":61,"column":1}},"11":{"start":{"line":18,"column":2},"end":{"line":50,"column":3}},"12":{"start":{"line":20,"column":4},"end":{"line":22,"column":5}},"13":{"start":{"line":21,"column":6},"end":{"line":21,"column":65}},"14":{"start":{"line":21,"column":41},"end":{"line":21,"column":65}},"15":{"start":{"line":24,"column":4},"end":{"line":24,"column":27}},"16":{"start":{"line":25,"column":4},"end":{"line":25,"column":25}},"17":{"start":{"line":26,"column":4},"end":{"line":26,"column":19}},"18":{"start":{"line":27,"column":4},"end":{"line":27,"column":19}},"19":{"start":{"line":29,"column":4},"end":{"line":49,"column":5}},"20":{"start":{"line":33,"column":6},"end":{"line":33,"column":28}},"21":{"start":{"line":34,"column":6},"end":{"line":34,"column":98}},"22":{"start":{"line":37,"column":6},"end":{"line":37,"column":49}},"23":{"start":{"line":37,"column":43},"end":{"line":37,"column":49}},"24":{"start":{"line":39,"column":6},"end":{"line":41,"column":7}},"25":{"start":{"line":40,"column":8},"end":{"line":40,"column":14}},"26":{"start":{"line":42,"column":6},"end":{"line":48,"column":8}},"27":{"start":{"line":52,"column":2},"end":{"line":52,"column":35}},"28":{"start":{"line":54,"column":2},"end":{"line":54,"column":28}},"29":{"start":{"line":57,"column":2},"end":{"line":57,"column":60}},"30":{"start":{"line":58,"column":2},"end":{"line":58,"column":54}},"31":{"start":{"line":59,"column":2},"end":{"line":59,"column":46}},"32":{"start":{"line":60,"column":2},"end":{"line":60,"column":69}},"33":{"start":{"line":63,"column":0},"end":{"line":63,"column":29}}},"branchMap":{"1":{"line":11,"type":"if","locations":[{"start":{"line":11,"column":4},"end":{"line":11,"column":4}},{"start":{"line":11,"column":4},"end":{"line":11,"column":4}}]},"2":{"line":21,"type":"if","locations":[{"start":{"line":21,"column":6},"end":{"line":21,"column":6}},{"start":{"line":21,"column":6},"end":{"line":21,"column":6}}]},"3":{"line":29,"type":"if","locations":[{"start":{"line":29,"column":4},"end":{"line":29,"column":4}},{"start":{"line":29,"column":4},"end":{"line":29,"column":4}}]},"4":{"line":29,"type":"binary-expr","locations":[{"start":{"line":29,"column":8},"end":{"line":29,"column":38}},{"start":{"line":30,"column":6},"end":{"line":30,"column":39}},{"start":{"line":31,"column":6},"end":{"line":31,"column":40}}]},"5":{"line":34,"type":"binary-expr","locations":[{"start":{"line":34,"column":13},"end":{"line":34,"column":45}},{"start":{"line":34,"column":49},"end":{"line":34,"column":78}}]},"6":{"line":37,"type":"if","locations":[{"start":{"line":37,"column":6},"end":{"line":37,"column":6}},{"start":{"line":37,"column":6},"end":{"line":37,"column":6}}]},"7":{"line":39,"type":"if","locations":[{"start":{"line":39,"column":6},"end":{"line":39,"column":6}},{"start":{"line":39,"column":6},"end":{"line":39,"column":6}}]}}}}