TN:
SF:/Volumes/repositories/zmarkdown/zmarkdown/index.js
FNF:0
FNH:0
DA:1,1
DA:2,1
DA:3,1
DA:4,1
DA:5,1
DA:6,1
DA:7,1
DA:8,1
DA:10,1
DA:11,1
DA:12,1
DA:13,1
DA:14,1
DA:15,1
DA:17,85
DA:19,1
DA:20,264
DA:52,92
DA:53,92
DA:54,88
DA:56,89
DA:57,85
DA:59,4
LF:23
LH:23
BRDA:30,1,0,264
BRDA:30,1,1,255
BRF:2
BRH:2
end_of_record
TN:
SF:/Volumes/repositories/zmarkdown/zmarkdown/packages/heading-shift/index.js
FNF:0
FNH:0
DA:1,1
DA:3,1
LF:2
LH:2
BRF:0
BRH:0
end_of_record
TN:
SF:/Volumes/repositories/zmarkdown/zmarkdown/packages/heading-shift/inline.js
FN:3,shifter
FN:6,(anonymous_2)
FNF:2
FNH:2
FNDA:264,shifter
FNDA:46,(anonymous_2)
DA:1,1
DA:3,1
DA:4,264
DA:5,264
DA:6,88
DA:7,46
DA:8,3
DA:9,1
DA:10,1
DA:12,2
DA:13,1
DA:14,1
DA:16,1
DA:21,1
LF:14
LH:14
BRDA:7,1,0,43
BRDA:7,1,1,3
BRDA:8,2,0,1
BRDA:8,2,1,2
BRDA:12,3,0,1
BRDA:12,3,1,1
BRF:6
BRH:6
end_of_record
TN:
SF:/Volumes/repositories/zmarkdown/zmarkdown/packages/html-blocks/index.js
FN:39,plugin
FN:43,transformer
FN:47,visitor
FNF:3
FNH:3
FNDA:264,plugin
FNDA:88,transformer
FNDA:116,visitor
DA:1,1
DA:3,1
DA:39,1
DA:40,264
DA:43,1
DA:44,88
DA:47,1
DA:48,116
DA:49,116
DA:51,116
DA:52,38
DA:62,78
DA:68,116
DA:71,1
LF:14
LH:14
BRDA:49,1,0,0
BRDA:49,1,1,116
BRDA:51,2,0,38
BRDA:51,2,1,78
BRF:4
BRH:3
end_of_record
TN:
SF:/Volumes/repositories/zmarkdown/zmarkdown/packages/escape-escaped/index.js
FNF:0
FNH:0
DA:1,1
DA:3,1
LF:2
LH:2
BRF:0
BRH:0
end_of_record
TN:
SF:/Volumes/repositories/zmarkdown/zmarkdown/packages/escape-escaped/inline.js
FN:1,escapeRegExp
FN:9,locator
FN:14,inlinePlugin
FN:15,inlineTokenizer
FNF:4
FNH:4
FNDA:264,escapeRegExp
FNDA:1539,locator
FNDA:264,inlinePlugin
FNDA:1563,inlineTokenizer
DA:1,1
DA:2,264
DA:5,1
DA:6,264
DA:7,264
DA:9,1
DA:10,1539
DA:11,1539
DA:14,1
DA:15,1
DA:16,1563
DA:17,1563
DA:18,65
DA:19,50
DA:22,15
DA:23,1
DA:25,15
DA:31,264
DA:33,264
DA:36,264
DA:37,264
DA:38,264
DA:39,264
DA:42,264
LF:24
LH:24
BRDA:17,1,0,65
BRDA:17,1,1,1498
BRDA:18,2,0,50
BRDA:18,2,1,15
BRDA:22,3,0,0
BRDA:22,3,1,15
BRF:6
BRH:6
end_of_record
TN:
SF:/Volumes/repositories/zmarkdown/zmarkdown/packages/kbd/index.js
FNF:0
FNH:0
DA:1,1
DA:3,1
LF:2
LH:2
BRF:0
BRH:0
end_of_record
TN:
SF:/Volumes/repositories/zmarkdown/zmarkdown/packages/kbd/inline.js
FN:6,locator
FN:11,inlinePlugin
FN:12,inlineTokenizer
FN:75,(anonymous_4)
FNF:4
FNH:3
FNDA:1539,locator
FNDA:264,inlinePlugin
FNDA:1548,inlineTokenizer
FNDA:0,(anonymous_4)
DA:1,1
DA:3,1
DA:4,1
DA:6,1
DA:7,1539
DA:8,1539
DA:11,1
DA:12,1
DA:13,1548
DA:20,1542
DA:23,6
DA:24,6
DA:25,6
DA:26,6
DA:27,6
DA:28,6
DA:29,6
DA:30,6
DA:31,6
DA:33,6
DA:34,60
DA:36,60
DA:42,5
DA:43,1
DA:46,5
DA:55,55
DA:56,55
DA:57,55
DA:60,264
DA:62,264
DA:65,264
DA:66,264
DA:67,264
DA:68,264
DA:70,264
DA:73,264
DA:74,0
DA:75,0
DA:76,0
DA:81,1
LF:40
LH:37
BRDA:13,1,0,1542
BRDA:13,1,1,6
BRDA:14,2,0,1548
BRDA:14,2,1,1548
BRDA:14,2,2,12
BRDA:14,2,3,10
BRDA:14,2,4,9
BRDA:36,3,0,5
BRDA:36,3,1,55
BRDA:37,4,0,60
BRDA:37,4,1,11
BRDA:37,4,2,5
BRDA:37,4,3,5
BRDA:42,5,0,0
BRDA:42,5,1,5
BRDA:73,6,0,0
BRDA:73,6,1,264
BRF:17
BRH:16
end_of_record
TN:
SF:/Volumes/repositories/zmarkdown/zmarkdown/packages/custom-blocks/index.js
FNF:0
FNH:0
DA:1,1
DA:3,1
LF:2
LH:2
BRF:0
BRH:0
end_of_record
TN:
SF:/Volumes/repositories/zmarkdown/zmarkdown/packages/custom-blocks/block.js
FN:1,escapeRegExp
FN:8,blockPlugin
FN:15,blockTokenizer
FNF:3
FNH:3
FNDA:2640,escapeRegExp
FNDA:264,blockPlugin
FNDA:1415,blockTokenizer
DA:1,1
DA:2,2640
DA:5,1
DA:6,1
DA:8,264
DA:9,264
DA:13,264
DA:15,1
DA:16,1415
DA:17,1415
DA:18,1415
DA:19,34
DA:20,14
DA:22,13
DA:23,13
DA:25,13
DA:26,13
DA:27,27
DA:29,27
DA:30,27
DA:32,15
DA:33,15
DA:34,15
DA:35,15
DA:38,13
DA:39,13
DA:41,13
DA:42,13
DA:43,13
DA:44,13
DA:46,13
DA:58,264
DA:61,264
DA:62,264
DA:63,264
DA:64,264
DA:67,264
DA:68,264
DA:69,264
DA:70,264
DA:71,264
DA:72,264
LF:42
LH:42
BRDA:18,1,0,1381
BRDA:18,1,1,34
BRDA:19,2,0,20
BRDA:19,2,1,14
BRDA:20,3,0,1
BRDA:20,3,1,13
BRDA:29,4,0,26
BRDA:29,4,1,1
BRDA:30,5,0,12
BRDA:30,5,1,15
BRDA:32,6,0,13
BRDA:32,6,1,2
BRF:12
BRH:12
end_of_record
TN:
SF:/Volumes/repositories/zmarkdown/zmarkdown/packages/sub-super/index.js
FNF:0
FNH:0
DA:1,1
DA:3,1
LF:2
LH:2
BRF:0
BRH:0
end_of_record
TN:
SF:/Volumes/repositories/zmarkdown/zmarkdown/packages/sub-super/inline.js
FN:7,locator
FN:17,inlinePlugin
FN:18,inlineTokenizer
FNF:3
FNH:3
FNDA:1539,locator
FNDA:264,inlinePlugin
FNDA:1543,inlineTokenizer
DA:1,1
DA:2,1
DA:7,1
DA:8,1539
DA:9,1539
DA:10,3064
DA:11,3064
DA:14,1520
DA:17,1
DA:18,1
DA:20,1543
DA:21,3086
DA:24,1543
DA:25,1543
DA:26,1543
DA:27,1543
DA:29,1543
DA:33,4
DA:34,4
DA:37,4
DA:39,4
DA:40,0
DA:42,4
DA:52,264
DA:54,264
DA:57,264
DA:58,264
DA:59,264
DA:60,264
DA:63,1
LF:30
LH:29
BRDA:11,1,0,19
BRDA:11,1,1,3045
BRDA:21,2,0,1
BRDA:21,2,1,3085
BRDA:29,3,0,4
BRDA:29,3,1,1539
BRDA:29,4,0,1543
BRDA:29,4,1,13
BRDA:29,4,2,5
BRDA:34,5,0,34
BRDA:34,5,1,30
BRDA:37,6,0,0
BRDA:37,6,1,4
BRDA:39,7,0,0
BRDA:39,7,1,4
BRF:15
BRH:13
end_of_record
